2016-02-12 04:36:21 [情報] [ForgeModLoader] Forge Mod Loader version 5.2.23.738 for Minecraft 1.5.2 loading
2016-02-12 04:36:21 [情報] [ForgeModLoader] Java is OpenJDK 64-Bit Server VM, version 1.7.0_95, running on Linux:amd64:3.18.11-gentoo, installed at /opt/icedtea-bin-7.2.6.4/jre
2016-02-12 04:36:21 [普通] [ForgeModLoader] Java classpath at launch is minecraft_server.1.5.2.jar
2016-02-12 04:36:21 [普通] [ForgeModLoader] Java library path at launch is /usr/java/packages/lib/amd64:/usr/lib64:/lib64:/lib:/usr/lib
2016-02-12 04:36:21 [普通] [ForgeModLoader] Enabling runtime deobfuscation
2016-02-12 04:36:21 [情報] [ForgeModLoader] Downloading file http://files.minecraftforge.net/fmllibs/argo-small-3.2.jar
2016-02-12 04:36:22 [情報] [ForgeModLoader] Download complete
2016-02-12 04:36:22 [情報] [ForgeModLoader] Downloading file http://files.minecraftforge.net/fmllibs/guava-14.0-rc3.jar
2016-02-12 04:36:23 [情報] [ForgeModLoader] Download complete
2016-02-12 04:36:23 [情報] [ForgeModLoader] Downloading file http://files.minecraftforge.net/fmllibs/asm-all-4.1.jar
2016-02-12 04:36:23 [情報] [ForgeModLoader] Download complete
2016-02-12 04:36:23 [情報] [ForgeModLoader] Downloading file http://files.minecraftforge.net/fmllibs/bcprov-jdk15on-148.jar
2016-02-12 04:36:24 [重大] [ForgeModLoader] There was a problem downloading the file bcprov-jdk15on-148.jar automatically. Perhaps you have an environment without internet access. You will need to download the file manually or restart and let it try again

2016-02-12 04:36:24 [情報] [ForgeModLoader] Downloading file http://files.minecraftforge.net/fmllibs/deobfuscation_data_1.5.2.zip
2016-02-12 04:36:25 [情報] [ForgeModLoader] Download complete
2016-02-12 04:36:25 [情報] [ForgeModLoader] Downloading file http://files.minecraftforge.net/fmllibs/scala-library.jar
2016-02-12 04:36:25 [重大] [ForgeModLoader] There was a problem downloading the file scala-library.jar automatically. Perhaps you have an environment without internet access. You will need to download the file manually or restart and let it try again

2016-02-12 04:36:25 [重大] [ForgeModLoader] There were errors during initial FML setup. Some files failed to download or were otherwise corrupted. You will need to manually obtain the following files from these download links and ensure your lib directory is clean. 
2016-02-12 04:36:25 [重大] [ForgeModLoader] *** Download http://files.minecraftforge.net/fmllibs/argo-small-3.2.jar
2016-02-12 04:36:25 [重大] [ForgeModLoader] *** Download http://files.minecraftforge.net/fmllibs/guava-14.0-rc3.jar
2016-02-12 04:36:25 [重大] [ForgeModLoader] *** Download http://files.minecraftforge.net/fmllibs/asm-all-4.1.jar
2016-02-12 04:36:25 [重大] [ForgeModLoader] *** Download http://files.minecraftforge.net/fmllibs/bcprov-jdk15on-148.jar
2016-02-12 04:36:25 [重大] [ForgeModLoader] *** Download http://files.minecraftforge.net/fmllibs/deobfuscation_data_1.5.2.zip
2016-02-12 04:36:25 [重大] [ForgeModLoader] *** Download http://files.minecraftforge.net/fmllibs/scala-library.jar
2016-02-12 04:36:25 [重大] [ForgeModLoader] <===========>
2016-02-12 04:36:25 [重大] [ForgeModLoader] The following is the errors that caused the setup to fail. They may help you diagnose and resolve the issue
2016-02-12 04:36:25 [重大] [ForgeModLoader] A download error occured
2016-02-12 04:36:25 [重大] [ForgeModLoader] A download error occured
2016-02-12 04:36:25 [重大] [ForgeModLoader] <<< ==== >>>
2016-02-12 04:36:25 [重大] [ForgeModLoader] The following is diagnostic information for developers to review.
2016-02-12 04:36:25 [重大] [ForgeModLoader] Error details
java.lang.RuntimeException: A download error occured
	at cpw.mods.fml.relauncher.RelaunchLibraryManager.downloadFile(RelaunchLibraryManager.java:548)
	at cpw.mods.fml.relauncher.RelaunchLibraryManager.handleLaunch(RelaunchLibraryManager.java:165)
	at cpw.mods.fml.relauncher.FMLRelauncher.setupHome(FMLRelauncher.java:172)
	at cpw.mods.fml.relauncher.FMLRelauncher.relaunchServer(FMLRelauncher.java:147)
	at cpw.mods.fml.relauncher.FMLRelauncher.handleServerRelaunch(FMLRelauncher.java:45)
	at net.minecraft.server.MinecraftServer.main(MinecraftServer.java:1375)
Caused by: java.io.FileNotFoundException: http://files.minecraftforge.net/fmllibs/bcprov-jdk15on-148.jar
	at sun.reflect.NativeConstructorAccessorImpl.newInstance0(Native Method)
	at sun.reflect.NativeConstructorAccessorImpl.newInstance(NativeConstructorAccessorImpl.java:57)
	at sun.reflect.DelegatingConstructorAccessorImpl.newInstance(DelegatingConstructorAccessorImpl.java:45)
	at java.lang.reflect.Constructor.newInstance(Constructor.java:526)
	at sun.net.www.protocol.http.HttpURLConnection$6.run(HttpURLConnection.java:1677)
	at sun.net.www.protocol.http.HttpURLConnection$6.run(HttpURLConnection.java:1675)
	at java.security.AccessController.doPrivileged(Native Method)
	at sun.net.www.protocol.http.HttpURLConnection.getChainedException(HttpURLConnection.java:1673)
	at sun.net.www.protocol.http.HttpURLConnection.getInputStream(HttpURLConnection.java:1246)
	at cpw.mods.fml.relauncher.RelaunchLibraryManager.downloadFile(RelaunchLibraryManager.java:532)
	... 5 more
Caused by: java.io.FileNotFoundException: http://files.minecraftforge.net/fmllibs/bcprov-jdk15on-148.jar
	at sun.net.www.protocol.http.HttpURLConnection.getInputStream(HttpURLConnection.java:1626)
	at sun.net.www.protocol.http.HttpURLConnection.getHeaderField(HttpURLConnection.java:2692)
	at java.net.URLConnection.getHeaderFieldLong(URLConnection.java:639)
	at java.net.URLConnection.getContentLengthLong(URLConnection.java:511)
	at java.net.URLConnection.getContentLength(URLConnection.java:495)
	at cpw.mods.fml.relauncher.RelaunchLibraryManager.downloadFile(RelaunchLibraryManager.java:531)
	... 5 more
2016-02-12 04:36:25 [重大] [ForgeModLoader] Error details
java.lang.RuntimeException: A download error occured
	at cpw.mods.fml.relauncher.RelaunchLibraryManager.downloadFile(RelaunchLibraryManager.java:548)
	at cpw.mods.fml.relauncher.RelaunchLibraryManager.handleLaunch(RelaunchLibraryManager.java:165)
	at cpw.mods.fml.relauncher.FMLRelauncher.setupHome(FMLRelauncher.java:172)
	at cpw.mods.fml.relauncher.FMLRelauncher.relaunchServer(FMLRelauncher.java:147)
	at cpw.mods.fml.relauncher.FMLRelauncher.handleServerRelaunch(FMLRelauncher.java:45)
	at net.minecraft.server.MinecraftServer.main(MinecraftServer.java:1375)
Caused by: java.io.FileNotFoundException: http://files.minecraftforge.net/fmllibs/scala-library.jar
	at sun.reflect.NativeConstructorAccessorImpl.newInstance0(Native Method)
	at sun.reflect.NativeConstructorAccessorImpl.newInstance(NativeConstructorAccessorImpl.java:57)
	at sun.reflect.DelegatingConstructorAccessorImpl.newInstance(DelegatingConstructorAccessorImpl.java:45)
	at java.lang.reflect.Constructor.newInstance(Constructor.java:526)
	at sun.net.www.protocol.http.HttpURLConnection$6.run(HttpURLConnection.java:1677)
	at sun.net.www.protocol.http.HttpURLConnection$6.run(HttpURLConnection.java:1675)
	at java.security.AccessController.doPrivileged(Native Method)
	at sun.net.www.protocol.http.HttpURLConnection.getChainedException(HttpURLConnection.java:1673)
	at sun.net.www.protocol.http.HttpURLConnection.getInputStream(HttpURLConnection.java:1246)
	at cpw.mods.fml.relauncher.RelaunchLibraryManager.downloadFile(RelaunchLibraryManager.java:532)
	... 5 more
Caused by: java.io.FileNotFoundException: http://files.minecraftforge.net/fmllibs/scala-library.jar
	at sun.net.www.protocol.http.HttpURLConnection.getInputStream(HttpURLConnection.java:1626)
	at sun.net.www.protocol.http.HttpURLConnection.getHeaderField(HttpURLConnection.java:2692)
	at java.net.URLConnection.getHeaderFieldLong(URLConnection.java:639)
	at java.net.URLConnection.getContentLengthLong(URLConnection.java:511)
	at java.net.URLConnection.getContentLength(URLConnection.java:495)
	at cpw.mods.fml.relauncher.RelaunchLibraryManager.downloadFile(RelaunchLibraryManager.java:531)
	... 5 more
2016-02-12 04:36:25 [情報] [STDERR] Exception in thread "main" java.lang.RuntimeException: java.lang.RuntimeException: A fatal error occured and FML cannot continue
2016-02-12 04:36:25 [情報] [STDERR] 	at cpw.mods.fml.relauncher.FMLRelauncher.setupHome(FMLRelauncher.java:192)
2016-02-12 04:36:25 [情報] [STDERR] 	at cpw.mods.fml.relauncher.FMLRelauncher.relaunchServer(FMLRelauncher.java:147)
2016-02-12 04:36:25 [情報] [STDERR] 	at cpw.mods.fml.relauncher.FMLRelauncher.handleServerRelaunch(FMLRelauncher.java:45)
2016-02-12 04:36:25 [情報] [STDERR] 	at net.minecraft.server.MinecraftServer.main(MinecraftServer.java:1375)
2016-02-12 04:36:25 [情報] [STDERR] Caused by: java.lang.RuntimeException: A fatal error occured and FML cannot continue
2016-02-12 04:36:25 [情報] [STDERR] 	at cpw.mods.fml.relauncher.RelaunchLibraryManager.handleLaunch(RelaunchLibraryManager.java:261)
2016-02-12 04:36:25 [情報] [STDERR] 	at cpw.mods.fml.relauncher.FMLRelauncher.setupHome(FMLRelauncher.java:172)
2016-02-12 04:36:25 [情報] [STDERR] 	... 3 more
